<?xml version="1.0" encoding="UTF-8"?>
<testsuite name="org.deadmoneypoker.domain.ResultSpec" tests="2" skipped="0" failures="1" errors="0" timestamp="2015-08-30T19:41:31" hostname="minitrue" time="8.42">
  <properties/>
  <testcase name="test something" classname="org.deadmoneypoker.domain.ResultSpec" time="8.279"/>
  <testcase name="should return all results by date played" classname="org.deadmoneypoker.domain.ResultSpec" time="0.141">
    <failure message="java.lang.UnsupportedOperationException: String-based queries like [executeQuery] are currently not supported in this implementation of GORM. Use criteria instead." type="java.lang.UnsupportedOperationException">java.lang.UnsupportedOperationException: String-based queries like [executeQuery] are currently not supported in this implementation of GORM. Use criteria instead.
	at org.grails.datastore.gorm.GormStaticApi.unsupported(GormStaticApi.groovy:971)
	at org.grails.datastore.gorm.GormStaticApi.executeQuery(GormStaticApi.groovy:883)
	at org.grails.datastore.gorm.GormStaticApi.executeQuery(GormStaticApi.groovy:875)
	at org.grails.datastore.gorm.GormEntity$Trait$Helper.executeQuery(GormEntity.groovy:843)
	at org.deadmoneypoker.domain.Result.getResultsByMonthYear(Result.groovy:32)
	at org.deadmoneypoker.domain.ResultSpec.should return all results by date played(ResultSpec.groovy:25)
</failure>
  </testcase>
  <system-out><![CDATA[]]></system-out>
  <system-err><![CDATA[]]></system-err>
</testsuite>
